#
# A fatal error has been detected by the Java Runtime Environment:
#
#  Internal Error (loopnode.hpp:1112), pid=8811, tid=39939
#  Error: guarantee(d->_idx < _idom_size) failed
#
# JRE version: OpenJDK Runtime Environment Corretto-17.0.0.35.2 (17.0+35) (build 17+35-LTS)
# Java VM: OpenJDK 64-Bit Server VM Corretto-17.0.0.35.2 (17+35-LTS, mixed mode, sharing, tiered, compressed oops, compressed class ptrs, g1 gc, bsd-amd64)
# No core dump will be written. Core dumps have been disabled. To enable core dumping, try "ulimit -c unlimited" before starting Java again
#
# If you would like to submit a bug report, please visit:
#   https://github.com/corretto/corretto-17/issues/
#

---------------  S U M M A R Y ------------

Command Line: -Dorg.gradle.internal.worker.tmpdir=/Users/mzimac/Work/kotlin-spring/web01/build/tmp/test/work -Dorg.gradle.native=false --add-opens=java.base/java.util=ALL-UNNAMED --add-opens=java.base/java.lang=ALL-UNNAMED -Xmx512m -Dfile.encoding=UTF-8 -Duser.country=JP -Duser.language=en -Duser.variant -ea worker.org.gradle.process.internal.worker.GradleWorkerMain 'Gradle Test Executor 5'

Host: "iMac15,1" x86_64 4000 MHz, 8 cores, 24G, Darwin 20.6.0, macOS 11.6.4 (20G417)
Time: Mon Mar 21 22:24:57 2022 JST elapsed time: 1.504479 seconds (0d 0h 0m 1s)

---------------  T H R E A D  ---------------

Current thread (0x00007f929e842400):  JavaThread "C2 CompilerThread1" daemon [_thread_in_native, id=39939, stack(0x000070000d843000,0x000070000d943000)]


Current CompileTask:
C2:   1504 2814   !   4       jdk.internal.loader.BuiltinClassLoader::loadClassOrNull (143 bytes)

Stack: [0x000070000d843000,0x000070000d943000],  sp=0x000070000d93ee20,  free space=1007k
Native frames: (J=compiled Java code, j=interpreted, Vv=VM code, C=native code)
V  [libjvm.dylib+0xb00926]  _ZN7VMError14report_and_dieEiPKcS1_P13__va_list_tagP6ThreadPhPvS7_S1_im+0x696
V  [libjvm.dylib+0xb00ecb]  _ZN7VMError14report_and_dieEP6ThreadPvPKciS4_S4_P13__va_list_tag+0x3b
V  [libjvm.dylib+0x358267]  _Z15report_vm_errorPKciS0_S0_z+0xa7
V  [libjvm.dylib+0x756eeb]  _ZN14PhaseIdealLoop14get_early_ctrlEP4Node+0x1fb
V  [libjvm.dylib+0x768900]  _ZN14PhaseIdealLoop16build_loop_earlyER9VectorSetR9Node_ListR10Node_Stack+0x590
V  [libjvm.dylib+0x7676db]  _ZN14PhaseIdealLoop18build_and_optimizeE12LoopOptsMode+0x75b
V  [libjvm.dylib+0x322042]  _ZN14PhaseIdealLoop8optimizeER12PhaseIterGVN12LoopOptsMode+0x52
V  [libjvm.dylib+0x31dbc9]  _ZN7Compile8OptimizeEv+0xa49
V  [libjvm.dylib+0x31bf44]  _ZN7CompileC2EP5ciEnvP8ciMethodibbbbbP12DirectiveSet+0xff4
V  [libjvm.dylib+0x27f2d2]  _ZN10C2Compiler14compile_methodEP5ciEnvP8ciMethodibP12DirectiveSet+0xf2
V  [libjvm.dylib+0x32f001]  _ZN13CompileBroker25invoke_compiler_on_methodEP11CompileTask+0x651
V  [libjvm.dylib+0x32e882]  _ZN13CompileBroker20compiler_thread_loopEv+0x3a2
V  [libjvm.dylib+0xa89a17]  _ZN10JavaThread17thread_main_innerEv+0x147
V  [libjvm.dylib+0xa87d3a]  _ZN6Thread8call_runEv+0x11a
V  [libjvm.dylib+0x8994e8]  _ZL19thread_native_entryP6Thread+0x148
C  [libsystem_pthread.dylib+0x68fc]  _pthread_start+0xe0
C  [libsystem_pthread.dylib+0x2443]  thread_start+0xf


---------------  P R O C E S S  ---------------

Threads class SMR info:
_java_thread_list=0x00007f92a29f2b40, length=16, elements={
0x00007f92a0008a00, 0x00007f929e847600, 0x00007f929e849e00, 0x00007f929e84e400,
0x00007f929e84ea00, 0x00007f92a1023600, 0x00007f92a1023c00, 0x00007f929e84be00,
0x00007f929e84c400, 0x00007f92a0022400, 0x00007f92a0022a00, 0x00007f929e842400,
0x00007f929d8dee00, 0x00007f929d97c400, 0x00007f929d978200, 0x00007f92a0087800
}

Java Threads: ( => current thread )
  0x00007f92a0008a00 JavaThread "Test worker" [_thread_in_Java, id=5891, stack(0x000070000c507000,0x000070000c607000)]
  0x00007f929e847600 JavaThread "Reference Handler" daemon [_thread_blocked, id=16131, stack(0x000070000cc1c000,0x000070000cd1c000)]
  0x00007f929e849e00 JavaThread "Finalizer" daemon [_thread_blocked, id=14851, stack(0x000070000cd1f000,0x000070000ce1f000)]
  0x00007f929e84e400 JavaThread "Signal Dispatcher" daemon [_thread_blocked, id=22787, stack(0x000070000cf28000,0x000070000d028000)]
  0x00007f929e84ea00 JavaThread "Service Thread" daemon [_thread_blocked, id=41987, stack(0x000070000d02b000,0x000070000d12b000)]
  0x00007f92a1023600 JavaThread "Monitor Deflation Thread" daemon [_thread_blocked, id=41475, stack(0x000070000d12e000,0x000070000d22e000)]
  0x00007f92a1023c00 JavaThread "C2 CompilerThread0" daemon [_thread_in_native, id=23043, stack(0x000070000d231000,0x000070000d331000)]
  0x00007f929e84be00 JavaThread "C1 CompilerThread0" daemon [_thread_in_native, id=23555, stack(0x000070000d334000,0x000070000d434000)]
  0x00007f929e84c400 JavaThread "Sweeper thread" daemon [_thread_blocked, id=23811, stack(0x000070000d437000,0x000070000d537000)]
  0x00007f92a0022400 JavaThread "Common-Cleaner" daemon [_thread_blocked, id=24067, stack(0x000070000d53a000,0x000070000d63a000)]
  0x00007f92a0022a00 JavaThread "Notification Thread" daemon [_thread_blocked, id=24579, stack(0x000070000d63d000,0x000070000d73d000)]
=>0x00007f929e842400 JavaThread "C2 CompilerThread1" daemon [_thread_in_native, id=39939, stack(0x000070000d843000,0x000070000d943000)]
  0x00007f929d8dee00 JavaThread "/127.0.0.1:55945 to /127.0.0.1:55944 workers" [_thread_blocked, id=39427, stack(0x000070000d946000,0x000070000da46000)]
  0x00007f929d97c400 JavaThread "/127.0.0.1:55945 to /127.0.0.1:55944 workers Thread 2" [_thread_blocked, id=38915, stack(0x000070000da49000,0x000070000db49000)]
  0x00007f929d978200 JavaThread "/127.0.0.1:55945 to /127.0.0.1:55944 workers Thread 3" [_thread_in_native, id=38659, stack(0x000070000db4c000,0x000070000dc4c000)]
  0x00007f92a0087800 JavaThread "C2 CompilerThread2" daemon [_thread_in_native, id=35075, stack(0x000070000e467000,0x000070000e567000)]

Other Threads:
  0x00007f929cc097b0 VMThread "VM Thread" [stack: 0x000070000cb19000,0x000070000cc19000] [id=14339]
  0x00007f929fc18720 WatcherThread [stack: 0x000070000d740000,0x000070000d840000] [id=40451]
  0x00007f929fc14540 GCTaskThread "GC Thread#0" [stack: 0x000070000c60a000,0x000070000c70a000] [id=19459]
  0x00007f929fc780b0 GCTaskThread "GC Thread#1" [stack: 0x000070000dc4f000,0x000070000dd4f000] [id=25603]
  0x00007f929fc789b0 GCTaskThread "GC Thread#2" [stack: 0x000070000dd52000,0x000070000de52000] [id=25859]
  0x00007f929cd56750 GCTaskThread "GC Thread#3" [stack: 0x000070000de55000,0x000070000df55000] [id=37891]
  0x00007f929cdce680 GCTaskThread "GC Thread#4" [stack: 0x000070000df58000,0x000070000e058000] [id=37635]
  0x00007f929fc792f0 GCTaskThread "GC Thread#5" [stack: 0x000070000e05b000,0x000070000e15b000] [id=37123]
  0x00007f929fc79bf0 GCTaskThread "GC Thread#6" [stack: 0x000070000e15e000,0x000070000e25e000] [id=36611]
  0x00007f929fc7a4f0 GCTaskThread "GC Thread#7" [stack: 0x000070000e261000,0x000070000e361000] [id=36099]
  0x00007f929cc04790 ConcurrentGCThread "G1 Main Marker" [stack: 0x000070000c70d000,0x000070000c80d000] [id=18947]
  0x00007f929cc054f0 ConcurrentGCThread "G1 Conc#0" [stack: 0x000070000c810000,0x000070000c910000] [id=12291]
  0x00007f92a2cc94b0 ConcurrentGCThread "G1 Conc#1" [stack: 0x000070000e66d000,0x000070000e76d000] [id=34055]
  0x00007f929cf19350 ConcurrentGCThread "G1 Refine#0" [stack: 0x000070000c913000,0x000070000ca13000] [id=17667]
  0x00007f929ce19900 ConcurrentGCThread "G1 Refine#1" [stack: 0x000070000e364000,0x000070000e464000] [id=35587]
  0x00007f929cf1a0b0 ConcurrentGCThread "G1 Service" [stack: 0x000070000ca16000,0x000070000cb16000] [id=17411]

Threads with active compile tasks:
C2 CompilerThread0     1508 2921       4       java.util.concurrent.ConcurrentHashMap::containsKey (14 bytes)
C1 CompilerThread0     1508 2922       3       org.springframework.core.ResolvableType$WildcardBounds::get (134 bytes)
C2 CompilerThread1     1508 2814   !   4       jdk.internal.loader.BuiltinClassLoader::loadClassOrNull (143 bytes)
C2 CompilerThread2     1508 2770       4       jdk.internal.org.objectweb.asm.SymbolTable::addConstantMemberReference (147 bytes)

VM state: not at safepoint (normal execution)

VM Mutex/Monitor currently owned by a thread: None

Heap address: 0x00000007e0000000, size: 512 MB, Compressed Oops mode: Zero based, Oop shift amount: 3

CDS archive(s) mapped at: [0x0000000800000000-0x0000000800bc9000-0x0000000800bc9000), size 12357632, SharedBaseAddress: 0x0000000800000000, ArchiveRelocationMode: 0.
Compressed class space mapped at: 0x0000000800c00000-0x0000000840c00000, reserved size: 1073741824
Narrow klass base: 0x0000000800000000, Narrow klass shift: 0, Narrow klass range: 0x100000000

GC Precious Log:
 CPUs: 8 total, 8 available
 Memory: 24576M
 Large Page Support: Disabled
 NUMA Support: Disabled
 Compressed Oops: Enabled (Zero based)
 Heap Region Size: 1M
 Heap Min Capacity: 8M
 Heap Initial Capacity: 384M
 Heap Max Capacity: 512M
 Pre-touch: Disabled
 Parallel Workers: 8
 Concurrent Workers: 2
 Concurrent Refinement Workers: 8
 Periodic GC: Disabled

Heap:
 garbage-first heap   total 58368K, used 32740K [0x00000007e0000000, 0x0000000800000000)
  region size 1024K, 24 young (24576K), 6 survivors (6144K)
 Metaspace       used 28500K, committed 28800K, reserved 1081344K
  class space    used 3685K, committed 3840K, reserved 1048576K

Heap Regions: E=young(eden), S=young(survivor), O=old, HS=humongous(starts), HC=humongous(continues), CS=collection set, F=free, OA=open archive, CA=closed archive, TAMS=top-at-mark-start (previous, next)
|   0|0x00000007e0000000, 0x00000007e0100000, 0x00000007e0100000|100%|HS|  |TAMS 0x00000007e0100000, 0x00000007e0000000| Complete 
|   1|0x00000007e0100000, 0x00000007e0200000, 0x00000007e0200000|100%| O|  |TAMS 0x00000007e0200000, 0x00000007e0100000| Untracked 
|   2|0x00000007e0200000, 0x00000007e0300000, 0x00000007e0300000|100%| O|  |TAMS 0x00000007e0300000, 0x00000007e0200000| Untracked 
|   3|0x00000007e0300000, 0x00000007e0400000, 0x00000007e0400000|100%| O|  |TAMS 0x00000007e0400000, 0x00000007e0300000| Untracked 
|   4|0x00000007e0400000, 0x00000007e0500000, 0x00000007e0500000|100%| O|  |TAMS 0x00000007e0500000, 0x00000007e0400000| Untracked 
|   5|0x00000007e0500000, 0x00000007e0600000, 0x00000007e0600000|100%| O|  |TAMS 0x00000007e0600000, 0x00000007e0500000| Untracked 
|   6|0x00000007e0600000, 0x00000007e0700000, 0x00000007e0700000|100%| O|  |TAMS 0x00000007e0700000, 0x00000007e0600000| Untracked 
|   7|0x00000007e0700000, 0x00000007e0800000, 0x00000007e0800000|100%| O|  |TAMS 0x00000007e0800000, 0x00000007e0700000| Untracked 
|   8|0x00000007e0800000, 0x00000007e0880c00, 0x00000007e0900000| 50%| O|  |TAMS 0x00000007e0880c00, 0x00000007e0800000| Untracked 
|   9|0x00000007e0900000, 0x00000007e0900000, 0x00000007e0a00000|  0%| F|  |TAMS 0x00000007e0900000, 0x00000007e0900000| Untracked 
|  10|0x00000007e0a00000, 0x00000007e0a00000, 0x00000007e0b00000|  0%| F|  |TAMS 0x00000007e0a00000, 0x00000007e0a00000| Untracked 
|  11|0x00000007e0b00000, 0x00000007e0b00000, 0x00000007e0c00000|  0%| F|  |TAMS 0x00000007e0b00000, 0x00000007e0b00000| Untracked 
|  12|0x00000007e0c00000, 0x00000007e0c00000, 0x00000007e0d00000|  0%| F|  |TAMS 0x00000007e0c00000, 0x00000007e0c00000| Untracked 
|  13|0x00000007e0d00000, 0x00000007e0d00000, 0x00000007e0e00000|  0%| F|  |TAMS 0x00000007e0d00000, 0x00000007e0d00000| Untracked 
|  14|0x00000007e0e00000, 0x00000007e0e84698, 0x00000007e0f00000| 51%| S|CS|TAMS 0x00000007e0e00000, 0x00000007e0e00000| Complete 
|  15|0x00000007e0f00000, 0x00000007e1000000, 0x00000007e1000000|100%| S|CS|TAMS 0x00000007e0f00000, 0x00000007e0f00000| Complete 
|  16|0x00000007e1000000, 0x00000007e1100000, 0x00000007e1100000|100%| S|CS|TAMS 0x00000007e1000000, 0x00000007e1000000| Complete 
|  17|0x00000007e1100000, 0x00000007e1200000, 0x00000007e1200000|100%| S|CS|TAMS 0x00000007e1100000, 0x00000007e1100000| Complete 
|  18|0x00000007e1200000, 0x00000007e1300000, 0x00000007e1300000|100%| S|CS|TAMS 0x00000007e1200000, 0x00000007e1200000| Complete 
|  19|0x00000007e1300000, 0x00000007e1400000, 0x00000007e1400000|100%| S|CS|TAMS 0x00000007e1300000, 0x00000007e1300000| Complete 
|  20|0x00000007e1400000, 0x00000007e1400000, 0x00000007e1500000|  0%| F|  |TAMS 0x00000007e1400000, 0x00000007e1400000| Untracked 
|  21|0x00000007e1500000, 0x00000007e1500000, 0x00000007e1600000|  0%| F|  |TAMS 0x00000007e1500000, 0x00000007e1500000| Untracked 
|  22|0x00000007e1600000, 0x00000007e1600000, 0x00000007e1700000|  0%| F|  |TAMS 0x00000007e1600000, 0x00000007e1600000| Untracked 
|  23|0x00000007e1700000, 0x00000007e1700000, 0x00000007e1800000|  0%| F|  |TAMS 0x00000007e1700000, 0x00000007e1700000| Untracked 
|  24|0x00000007e1800000, 0x00000007e1800000, 0x00000007e1900000|  0%| F|  |TAMS 0x00000007e1800000, 0x00000007e1800000| Untracked 
|  25|0x00000007e1900000, 0x00000007e1900000, 0x00000007e1a00000|  0%| F|  |TAMS 0x00000007e1900000, 0x00000007e1900000| Untracked 
|  26|0x00000007e1a00000, 0x00000007e1a00000, 0x00000007e1b00000|  0%| F|  |TAMS 0x00000007e1a00000, 0x00000007e1a00000| Untracked 
|  27|0x00000007e1b00000, 0x00000007e1b00000, 0x00000007e1c00000|  0%| F|  |TAMS 0x00000007e1b00000, 0x00000007e1b00000| Untracked 
|  28|0x00000007e1c00000, 0x00000007e1c00000, 0x00000007e1d00000|  0%| F|  |TAMS 0x00000007e1c00000, 0x00000007e1c00000| Untracked 
|  29|0x00000007e1d00000, 0x00000007e1d00000, 0x00000007e1e00000|  0%| F|  |TAMS 0x00000007e1d00000, 0x00000007e1d00000| Untracked 
|  30|0x00000007e1e00000, 0x00000007e1e00000, 0x00000007e1f00000|  0%| F|  |TAMS 0x00000007e1e00000, 0x00000007e1e00000| Untracked 
|  31|0x00000007e1f00000, 0x00000007e1f00000, 0x00000007e2000000|  0%| F|  |TAMS 0x00000007e1f00000, 0x00000007e1f00000| Untracked 
|  32|0x00000007e2000000, 0x00000007e2000000, 0x00000007e2100000|  0%| F|  |TAMS 0x00000007e2000000, 0x00000007e2000000| Untracked 
|  33|0x00000007e2100000, 0x00000007e2100000, 0x00000007e2200000|  0%| F|  |TAMS 0x00000007e2100000, 0x00000007e2100000| Untracked 
|  34|0x00000007e2200000, 0x00000007e2200000, 0x00000007e2300000|  0%| F|  |TAMS 0x00000007e2200000, 0x00000007e2200000| Untracked 
|  35|0x00000007e2300000, 0x00000007e2300000, 0x00000007e2400000|  0%| F|  |TAMS 0x00000007e2300000, 0x00000007e2300000| Untracked 
|  36|0x00000007e2400000, 0x00000007e2400000, 0x00000007e2500000|  0%| F|  |TAMS 0x00000007e2400000, 0x00000007e2400000| Untracked 
|  37|0x00000007e2500000, 0x00000007e2600000, 0x00000007e2600000|100%| E|  |TAMS 0x00000007e2500000, 0x00000007e2500000| Complete 
|  38|0x00000007e2600000, 0x00000007e2700000, 0x00000007e2700000|100%| E|CS|TAMS 0x00000007e2600000, 0x00000007e2600000| Complete 
|  39|0x00000007e2700000, 0x00000007e2800000, 0x00000007e2800000|100%| E|CS|TAMS 0x00000007e2700000, 0x00000007e2700000| Complete 
|  40|0x00000007e2800000, 0x00000007e2900000, 0x00000007e2900000|100%| E|CS|TAMS 0x00000007e2800000, 0x00000007e2800000| Complete 
|  41|0x00000007e2900000, 0x00000007e2a00000, 0x00000007e2a00000|100%| E|CS|TAMS 0x00000007e2900000, 0x00000007e2900000| Complete 
|  42|0x00000007e2a00000, 0x00000007e2b00000, 0x00000007e2b00000|100%| E|CS|TAMS 0x00000007e2a00000, 0x00000007e2a00000| Complete 
|  43|0x00000007e2b00000, 0x00000007e2c00000, 0x00000007e2c00000|100%| E|CS|TAMS 0x00000007e2b00000, 0x00000007e2b00000| Complete 
|  44|0x00000007e2c00000, 0x00000007e2d00000, 0x00000007e2d00000|100%| E|CS|TAMS 0x00000007e2c00000, 0x00000007e2c00000| Complete 
|  45|0x00000007e2d00000, 0x00000007e2e00000, 0x00000007e2e00000|100%| E|CS|TAMS 0x00000007e2d00000, 0x00000007e2d00000| Complete 
|  46|0x00000007e2e00000, 0x00000007e2f00000, 0x00000007e2f00000|100%| E|CS|TAMS 0x00000007e2e00000, 0x00000007e2e00000| Complete 
|  47|0x00000007e2f00000, 0x00000007e3000000, 0x00000007e3000000|100%| E|CS|TAMS 0x00000007e2f00000, 0x00000007e2f00000| Complete 
|  48|0x00000007e3000000, 0x00000007e3100000, 0x00000007e3100000|100%| E|CS|TAMS 0x00000007e3000000, 0x00000007e3000000| Complete 
| 293|0x00000007f2500000, 0x00000007f2600000, 0x00000007f2600000|100%| E|CS|TAMS 0x00000007f2500000, 0x00000007f2500000| Complete 
| 294|0x00000007f2600000, 0x00000007f2700000, 0x00000007f2700000|100%| E|CS|TAMS 0x00000007f2600000, 0x00000007f2600000| Complete 
| 295|0x00000007f2700000, 0x00000007f2800000, 0x00000007f2800000|100%| E|CS|TAMS 0x00000007f2700000, 0x00000007f2700000| Complete 
| 296|0x00000007f2800000, 0x00000007f2900000, 0x00000007f2900000|100%| E|CS|TAMS 0x00000007f2800000, 0x00000007f2800000| Complete 
| 382|0x00000007f7e00000, 0x00000007f7f00000, 0x00000007f7f00000|100%| E|CS|TAMS 0x00000007f7e00000, 0x00000007f7e00000| Complete 
| 383|0x00000007f7f00000, 0x00000007f8000000, 0x00000007f8000000|100%| E|CS|TAMS 0x00000007f7f00000, 0x00000007f7f00000| Complete 
| 510|0x00000007ffe00000, 0x00000007ffe75000, 0x00000007fff00000| 45%|OA|  |TAMS 0x00000007ffe75000, 0x00000007ffe00000| Untracked 
| 511|0x00000007fff00000, 0x00000007fff7f000, 0x0000000800000000| 49%|CA|  |TAMS 0x00000007fff7f000, 0x00000007fff00000| Untracked 

Card table byte_map: [0x0000000109c61000,0x0000000109d61000] _byte_map_base: 0x0000000105d61000

Marking Bits (Prev, Next): (CMBitMap*) 0x00007f929d008850, (CMBitMap*) 0x00007f929d008810
 Prev Bits: [0x000000010f964000, 0x0000000110164000)
 Next Bits: [0x000000010f164000, 0x000000010f964000)

Polling page: 0x0000000109905000

Metaspace:

Usage:
  Non-class:     24.24 MB used.
      Class:      3.60 MB used.
       Both:     27.84 MB used.

Virtual space:
  Non-class space:       32.00 MB reserved,      24.38 MB ( 76%) committed,  4 nodes.
      Class space:        1.00 GB reserved,       3.75 MB ( <1%) committed,  1 nodes.
             Both:        1.03 GB reserved,      28.12 MB (  3%) committed. 

Chunk freelists:
   Non-Class:  3.16 MB
       Class:  122.00 KB
        Both:  3.28 MB

MaxMetaspaceSize: unlimited
CompressedClassSpaceSize: 1.00 GB
Initial GC threshold: 21.00 MB
Current GC threshold: 35.25 MB
CDS: on
MetaspaceReclaimPolicy: balanced
 - commit_granule_bytes: 65536.
 - commit_granule_words: 8192.
 - virtual_space_node_default_size: 1048576.
 - enlarge_chunks_in_place: 1.
 - new_chunks_are_fully_committed: 0.
 - uncommit_free_chunks: 1.
 - use_allocation_guard: 0.
 - handle_deallocations: 1.


Internal statistics:

num_allocs_failed_limit: 5.
num_arena_births: 300.
num_arena_deaths: 0.
num_vsnodes_births: 5.
num_vsnodes_deaths: 0.
num_space_committed: 450.
num_space_uncommitted: 0.
num_chunks_returned_to_freelist: 5.
num_chunks_taken_from_freelist: 1302.
num_chunk_merges: 5.
num_chunk_splits: 916.
num_chunks_enlarged: 716.
num_purges: 0.
num_inconsistent_stats: 0.

CodeHeap 'non-profiled nmethods': size=120028Kb used=1332Kb max_used=1332Kb free=118695Kb
 bounds [0x00000001255b3000, 0x0000000125823000, 0x000000012caea000]
CodeHeap 'profiled nmethods': size=120028Kb used=6067Kb max_used=6067Kb free=113960Kb
 bounds [0x000000011e07c000, 0x000000011e66c000, 0x00000001255b3000]
CodeHeap 'non-nmethods': size=5704Kb used=1216Kb max_used=1258Kb free=4487Kb
 bounds [0x000000011daea000, 0x000000011dd5a000, 0x000000011e07c000]
 total_blobs=3428 nmethods=2911 adapters=429
 compilation: enabled
              stopped_count=0, restarted_count=0
 full_count=0

Compilation events (20 events):
Event: 1.499 Thread 0x00007f929e84be00 2893       3       org.springframework.core.annotation.TypeMappedAnnotation$$Lambda$349/0x0000000800d5db38::extract (6 bytes)
Event: 1.499 Thread 0x00007f929e84be00 nmethod 2893 0x000000011e65d390 code [0x000000011e65d5c0, 0x000000011e65dc70]
Event: 1.499 Thread 0x00007f929e84be00 2894       1       org.springframework.beans.BeanMetadataAttributeAccessor::setSource (6 bytes)
Event: 1.499 Thread 0x00007f929e84be00 nmethod 2894 0x00000001256fcd10 code [0x00000001256fcea0, 0x00000001256fcfb0]
Event: 1.499 Thread 0x00007f929e84be00 2895       1       org.springframework.beans.factory.support.AbstractBeanDefinition::setFactoryMethodName (6 bytes)
Event: 1.499 Thread 0x00007f929e84be00 nmethod 2895 0x00000001256fd010 code [0x00000001256fd1a0, 0x00000001256fd2b0]
Event: 1.500 Thread 0x00007f92a1023c00 nmethod 2869 0x00000001256fd310 code [0x00000001256fd4a0, 0x00000001256fd6d8]
Event: 1.500 Thread 0x00007f92a1023c00 2870   !   4       jdk.internal.reflect.UTF8::encode (191 bytes)
Event: 1.501 Thread 0x00007f929e84be00 2896       1       org.springframework.beans.factory.support.RootBeanDefinition::getParentName (2 bytes)
Event: 1.501 Thread 0x00007f929e84be00 nmethod 2896 0x00000001256fd810 code [0x00000001256fd9a0, 0x00000001256fda70]
Event: 1.501 Thread 0x00007f929e84be00 2897       1       org.springframework.beans.factory.support.AbstractBeanDefinition::setResource (6 bytes)
Event: 1.501 Thread 0x00007f929e84be00 nmethod 2897 0x00000001256fdb10 code [0x00000001256fdca0, 0x00000001256fddb0]
Event: 1.503 Thread 0x00007f929e84be00 2898       3       org.springframework.core.annotation.AnnotationsScanner::process (43 bytes)
Event: 1.503 Thread 0x00007f929e84be00 nmethod 2898 0x000000011e65df90 code [0x000000011e65e180, 0x000000011e65e7a0]
Event: 1.503 Thread 0x00007f929e84be00 2900   !   3       jdk.proxy3.$Proxy43::annotationType (29 bytes)
Event: 1.503 Thread 0x00007f929e84be00 nmethod 2900 0x000000011e65e890 code [0x000000011e65ea60, 0x000000011e65ee50]
Event: 1.503 Thread 0x00007f929e84be00 2903       3       org.springframework.beans.factory.support.AbstractBeanDefinition::isLazyInit (23 bytes)
Event: 1.504 Thread 0x00007f929e84be00 nmethod 2903 0x000000011e65f010 code [0x000000011e65f1c0, 0x000000011e65f390]
Event: 1.504 Thread 0x00007f929e84be00 2902       3       org.springframework.core.ResolvableType$1::isAssignableFrom (33 bytes)
Event: 1.504 Thread 0x00007f929e84be00 nmethod 2902 0x000000011e65f490 code [0x000000011e65f640, 0x000000011e65f8e0]

GC Heap History (8 events):
Event: 0.421 GC heap before
{Heap before GC invocations=0 (full 0):
 garbage-first heap   total 395264K, used 24528K [0x00000007e0000000, 0x0000000800000000)
  region size 1024K, 23 young (23552K), 0 survivors (0K)
 Metaspace       used 5974K, committed 6144K, reserved 1056768K
  class space    used 778K, committed 896K, reserved 1048576K
}
Event: 0.425 GC heap after
{Heap after GC invocations=1 (full 0):
 garbage-first heap   total 395264K, used 9595K [0x00000007e0000000, 0x0000000800000000)
  region size 1024K, 3 young (3072K), 3 survivors (3072K)
 Metaspace       used 5974K, committed 6144K, reserved 1056768K
  class space    used 778K, committed 896K, reserved 1048576K
}
Event: 0.735 GC heap before
{Heap before GC invocations=1 (full 0):
 garbage-first heap   total 395264K, used 34171K [0x00000007e0000000, 0x0000000800000000)
  region size 1024K, 27 young (27648K), 3 survivors (3072K)
 Metaspace       used 11150K, committed 11392K, reserved 1064960K
  class space    used 1487K, committed 1600K, reserved 1048576K
}
Event: 0.738 GC heap after
{Heap after GC invocations=2 (full 0):
 garbage-first heap   total 395264K, used 11197K [0x00000007e0000000, 0x0000000800000000)
  region size 1024K, 2 young (2048K), 2 survivors (2048K)
 Metaspace       used 11150K, committed 11392K, reserved 1064960K
  class space    used 1487K, committed 1600K, reserved 1048576K
}
Event: 1.155 GC heap before
{Heap before GC invocations=2 (full 0):
 garbage-first heap   total 395264K, used 96189K [0x00000007e0000000, 0x0000000800000000)
  region size 1024K, 87 young (89088K), 2 survivors (2048K)
 Metaspace       used 21313K, committed 21504K, reserved 1073152K
  class space    used 2838K, committed 2944K, reserved 1048576K
}
Event: 1.160 GC heap after
{Heap after GC invocations=3 (full 0):
 garbage-first heap   total 395264K, used 13704K [0x00000007e0000000, 0x0000000800000000)
  region size 1024K, 4 young (4096K), 4 survivors (4096K)
 Metaspace       used 21313K, committed 21504K, reserved 1073152K
  class space    used 2838K, committed 2944K, reserved 1048576K
}
Event: 1.367 GC heap before
{Heap before GC invocations=4 (full 0):
 garbage-first heap   total 58368K, used 45448K [0x00000007e0000000, 0x0000000800000000)
  region size 1024K, 35 young (35840K), 4 survivors (4096K)
 Metaspace       used 26068K, committed 26368K, reserved 1073152K
  class space    used 3364K, committed 3520K, reserved 1048576K
}
Event: 1.371 GC heap after
{Heap after GC invocations=5 (full 0):
 garbage-first heap   total 58368K, used 15332K [0x00000007e0000000, 0x0000000800000000)
  region size 1024K, 6 young (6144K), 6 survivors (6144K)
 Metaspace       used 26068K, committed 26368K, reserved 1073152K
  class space    used 3364K, committed 3520K, reserved 1048576K
}

Deoptimization events (20 events):
Event: 1.311 Thread 0x00007f92a0008a00 Uncommon trap: trap_request=0xffffffbe fr.pc=0x00000001256c37a8 relative=0x0000000000001608
Event: 1.311 Thread 0x00007f92a0008a00 Uncommon trap: reason=profile_predicate action=maybe_recompile pc=0x00000001256c37a8 method=jdk.internal.jimage.ImageStringsReader.stringFromByteBufferMatches(Ljava/nio/ByteBuffer;ILjava/lang/String;I)I @ 19 c2
Event: 1.312 Thread 0x00007f92a0008a00 DEOPT PACKING pc=0x00000001256c37a8 sp=0x000070000c602860
Event: 1.312 Thread 0x00007f92a0008a00 DEOPT UNPACKING pc=0x000000011db3c099 sp=0x000070000c6025d8 mode 2
Event: 1.312 Thread 0x00007f92a0008a00 Uncommon trap: trap_request=0xffffffbe fr.pc=0x00000001256c37a8 relative=0x0000000000001608
Event: 1.312 Thread 0x00007f92a0008a00 Uncommon trap: reason=profile_predicate action=maybe_recompile pc=0x00000001256c37a8 method=jdk.internal.jimage.ImageStringsReader.stringFromByteBufferMatches(Ljava/nio/ByteBuffer;ILjava/lang/String;I)I @ 19 c2
Event: 1.312 Thread 0x00007f92a0008a00 DEOPT PACKING pc=0x00000001256c37a8 sp=0x000070000c602860
Event: 1.312 Thread 0x00007f92a0008a00 DEOPT UNPACKING pc=0x000000011db3c099 sp=0x000070000c6025d8 mode 2
Event: 1.312 Thread 0x00007f92a0008a00 Uncommon trap: trap_request=0xffffffbe fr.pc=0x00000001256c37a8 relative=0x0000000000001608
Event: 1.312 Thread 0x00007f92a0008a00 Uncommon trap: reason=profile_predicate action=maybe_recompile pc=0x00000001256c37a8 method=jdk.internal.jimage.ImageStringsReader.stringFromByteBufferMatches(Ljava/nio/ByteBuffer;ILjava/lang/String;I)I @ 19 c2
Event: 1.312 Thread 0x00007f92a0008a00 DEOPT PACKING pc=0x00000001256c37a8 sp=0x000070000c602860
Event: 1.312 Thread 0x00007f92a0008a00 DEOPT UNPACKING pc=0x000000011db3c099 sp=0x000070000c6025d8 mode 2
Event: 1.312 Thread 0x00007f92a0008a00 Uncommon trap: trap_request=0xffffffbe fr.pc=0x00000001256c37a8 relative=0x0000000000001608
Event: 1.312 Thread 0x00007f92a0008a00 Uncommon trap: reason=profile_predicate action=maybe_recompile pc=0x00000001256c37a8 method=jdk.internal.jimage.ImageStringsReader.stringFromByteBufferMatches(Ljava/nio/ByteBuffer;ILjava/lang/String;I)I @ 19 c2
Event: 1.312 Thread 0x00007f92a0008a00 DEOPT PACKING pc=0x00000001256c37a8 sp=0x000070000c602860
Event: 1.312 Thread 0x00007f92a0008a00 DEOPT UNPACKING pc=0x000000011db3c099 sp=0x000070000c6025d8 mode 2
Event: 1.403 Thread 0x00007f92a274fa00 Uncommon trap: trap_request=0xffffff45 fr.pc=0x00000001256bd198 relative=0x0000000000000a78
Event: 1.403 Thread 0x00007f92a274fa00 Uncommon trap: reason=unstable_if action=reinterpret pc=0x00000001256bd198 method=java.util.jar.JarFile.getVersionedEntry(Ljava/lang/String;Ljava/util/jar/JarEntry;)Ljava/util/jar/JarEntry; @ 26 c2
Event: 1.403 Thread 0x00007f92a274fa00 DEOPT PACKING pc=0x00000001256bd198 sp=0x000070000e667720
Event: 1.403 Thread 0x00007f92a274fa00 DEOPT UNPACKING pc=0x000000011db3c099 sp=0x000070000e667690 mode 2

Classes unloaded (0 events):
No events

Classes redefined (0 events):
No events

Internal exceptions (20 events):
Event: 1.058 Thread 0x00007f92a0008a00 Exception <a 'java/lang/ClassNotFoundException'{0x00000007f5bf5c50}: org/springframework/context/annotation/ConfigurationClassPostProcessorCustomizer> (0x00000007f5bf5c50) 
thrown [src/hotspot/share/classfile/systemDictionary.cpp, line 256]
Event: 1.063 Thread 0x00007f92a0008a00 Exception <a 'java/lang/ClassNotFoundException'{0x00000007f59aeb88}: org/springframework/beans/factory/support/BeanDefinitionRegistryPostProcessorCustomizer> (0x00000007f59aeb88) 
thrown [src/hotspot/share/classfile/systemDictionary.cpp, line 256]
Event: 1.064 Thread 0x00007f92a0008a00 Exception <a 'java/lang/ClassNotFoundException'{0x00000007f59b5fa8}: org/springframework/beans/factory/config/BeanFactoryPostProcessorCustomizer> (0x00000007f59b5fa8) 
thrown [src/hotspot/share/classfile/systemDictionary.cpp, line 256]
Event: 1.064 Thread 0x00007f92a0008a00 Exception <a 'java/lang/ClassNotFoundException'{0x00000007f59bd010}: org/springframework/core/PriorityOrderedCustomizer> (0x00000007f59bd010) 
thrown [src/hotspot/share/classfile/systemDictionary.cpp, line 256]
Event: 1.065 Thread 0x00007f92a0008a00 Exception <a 'java/lang/ClassNotFoundException'{0x00000007f59c2c60}: org/springframework/core/OrderedCustomizer> (0x00000007f59c2c60) 
thrown [src/hotspot/share/classfile/systemDictionary.cpp, line 256]
Event: 1.066 Thread 0x00007f92a0008a00 Exception <a 'java/lang/ClassNotFoundException'{0x00000007f59c9b98}: org/springframework/context/ResourceLoaderAwareCustomizer> (0x00000007f59c9b98) 
thrown [src/hotspot/share/classfile/systemDictionary.cpp, line 256]
Event: 1.066 Thread 0x00007f92a0008a00 Exception <a 'java/lang/ClassNotFoundException'{0x00000007f59d0bd8}: org/springframework/beans/factory/AwareCustomizer> (0x00000007f59d0bd8) 
thrown [src/hotspot/share/classfile/systemDictionary.cpp, line 256]
Event: 1.067 Thread 0x00007f92a0008a00 Exception <a 'java/lang/ClassNotFoundException'{0x00000007f59d6c40}: org/springframework/context/ApplicationStartupAwareCustomizer> (0x00000007f59d6c40) 
thrown [src/hotspot/share/classfile/systemDictionary.cpp, line 256]
Event: 1.067 Thread 0x00007f92a0008a00 Exception <a 'java/lang/ClassNotFoundException'{0x00000007f59ddf08}: org/springframework/beans/factory/AwareCustomizer> (0x00000007f59ddf08) 
thrown [src/hotspot/share/classfile/systemDictionary.cpp, line 256]
Event: 1.067 Thread 0x00007f92a0008a00 Exception <a 'java/lang/ClassNotFoundException'{0x00000007f59e4058}: org/springframework/beans/factory/BeanClassLoaderAwareCustomizer> (0x00000007f59e4058) 
thrown [src/hotspot/share/classfile/systemDictionary.cpp, line 256]
Event: 1.068 Thread 0x00007f92a0008a00 Exception <a 'java/lang/ClassNotFoundException'{0x00000007f59eb080}: org/springframework/beans/factory/AwareCustomizer> (0x00000007f59eb080) 
thrown [src/hotspot/share/classfile/systemDictionary.cpp, line 256]
Event: 1.068 Thread 0x00007f92a0008a00 Exception <a 'java/lang/ClassNotFoundException'{0x00000007f59f0e90}: org/springframework/context/EnvironmentAwareCustomizer> (0x00000007f59f0e90) 
thrown [src/hotspot/share/classfile/systemDictionary.cpp, line 256]
Event: 1.069 Thread 0x00007f92a0008a00 Exception <a 'java/lang/ClassNotFoundException'{0x00000007f59f7e50}: org/springframework/beans/factory/AwareCustomizer> (0x00000007f59f7e50) 
thrown [src/hotspot/share/classfile/systemDictionary.cpp, line 256]
Event: 1.111 Thread 0x00007f92a274fa00 Exception <a 'java/lang/NoSuchMethodError'{0x00000007f5351b60}: 'long java.lang.invoke.DirectMethodHandle$Holder.invokeSpecial(java.lang.Object, java.lang.Object)'> (0x00000007f5351b60) 
thrown [src/hotspot/share/interpreter/linkResolver.cpp, line 766]
Event: 1.112 Thread 0x00007f92a274fa00 Exception <a 'java/lang/NoSuchMethodError'{0x00000007f535c9b0}: 'long java.lang.invoke.DirectMethodHandle$Holder.invokeStatic(java.lang.Object, java.lang.Object)'> (0x00000007f535c9b0) 
thrown [src/hotspot/share/interpreter/linkResolver.cpp, line 766]
Event: 1.112 Thread 0x00007f92a274fa00 Exception <a 'java/lang/NoSuchMethodError'{0x00000007f535ffb0}: 'long java.lang.invoke.DirectMethodHandle$Holder.invokeStaticInit(java.lang.Object, java.lang.Object)'> (0x00000007f535ffb0) 
thrown [src/hotspot/share/interpreter/linkResolver.cpp, line 766]
Event: 1.113 Thread 0x00007f92a274fa00 Exception <a 'java/lang/NoSuchMethodError'{0x00000007f536db58}: 'long java.lang.invoke.DirectMethodHandle$Holder.invokeInterface(java.lang.Object, java.lang.Object)'> (0x00000007f536db58) 
thrown [src/hotspot/share/interpreter/linkResolver.cpp, line 766]
Event: 1.113 Thread 0x00007f92a274fa00 Exception <a 'java/lang/IncompatibleClassChangeError'{0x00000007f53710e8}: Found class java.lang.Object, but interface was expected> (0x00000007f53710e8) 
thrown [src/hotspot/share/interpreter/linkResolver.cpp, line 833]
Event: 1.193 Thread 0x00007f92a0008a00 Exception <a 'java/lang/IncompatibleClassChangeError'{0x00000007e2e3fcd8}: Found class java.lang.Object, but interface was expected> (0x00000007e2e3fcd8) 
thrown [src/hotspot/share/interpreter/linkResolver.cpp, line 833]
Event: 1.466 Thread 0x00007f92a274fa00 Exception <a 'java/lang/NoSuchMethodError'{0x00000007e28a4e10}: 'java.lang.Object java.lang.invoke.DirectMethodHandle$Holder.invokeVirtual(java.lang.Object, java.lang.Object, java.lang.Object, java.lang.Object)'> (0x00000007e28a4e10) 
thrown [src/hotspot/share/interpreter/linkResolver.cpp, line 766]

VM Operations (20 events):
Event: 0.858 Executing VM operation: HandshakeAllThreads
Event: 0.858 Executing VM operation: HandshakeAllThreads done
Event: 0.937 Executing VM operation: HandshakeAllThreads
Event: 0.938 Executing VM operation: HandshakeAllThreads done
Event: 0.995 Executing VM operation: ICBufferFull
Event: 0.995 Executing VM operation: ICBufferFull done
Event: 1.080 Executing VM operation: HandshakeAllThreads
Event: 1.080 Executing VM operation: HandshakeAllThreads done
Event: 1.155 Executing VM operation: CollectForMetadataAllocation
Event: 1.160 Executing VM operation: CollectForMetadataAllocation done
Event: 1.160 Executing VM operation: CollectForMetadataAllocation
Event: 1.161 Executing VM operation: CollectForMetadataAllocation done
Event: 1.168 Executing VM operation: G1Concurrent
Event: 1.170 Executing VM operation: G1Concurrent done
Event: 1.172 Executing VM operation: G1Concurrent
Event: 1.172 Executing VM operation: G1Concurrent done
Event: 1.366 Executing VM operation: G1CollectForAllocation
Event: 1.371 Executing VM operation: G1CollectForAllocation done
Event: 1.427 Executing VM operation: HandshakeAllThreads
Event: 1.427 Executing VM operation: HandshakeAllThreads done

Events (20 events):
Event: 1.119 Thread 0x00007f929e0f6800 Thread added: 0x00007f929e0f6800
Event: 1.119 Protecting memory [0x000070000e66d000,0x000070000e671000] with protection modes 0
Event: 1.129 loading class javax/naming/ldap/LdapContext
Event: 1.129 loading class javax/naming/directory/DirContext
Event: 1.129 loading class javax/naming/directory/DirContext done
Event: 1.129 loading class javax/naming/ldap/LdapContext done
Event: 1.143 Protecting memory [0x000070000e66d000,0x000070000e671000] with protection modes 3
Event: 1.143 Thread 0x00007f929e0f6800 Thread exited: 0x00007f929e0f6800
Event: 1.144 loading class java/util/concurrent/atomic/AtomicReferenceFieldUpdater
Event: 1.144 loading class java/util/concurrent/atomic/AtomicReferenceFieldUpdater done
Event: 1.144 loading class java/util/concurrent/atomic/AtomicReferenceFieldUpdater$AtomicReferenceFieldUpdaterImpl
Event: 1.144 loading class java/util/concurrent/atomic/AtomicReferenceFieldUpdater$AtomicReferenceFieldUpdaterImpl done
Event: 1.144 loading class java/util/concurrent/atomic/AtomicReferenceFieldUpdater$AtomicReferenceFieldUpdaterImpl$1
Event: 1.144 loading class java/util/concurrent/atomic/AtomicReferenceFieldUpdater$AtomicReferenceFieldUpdaterImpl$1 done
Event: 1.207 loading class java/lang/Deprecated
Event: 1.207 loading class java/lang/Deprecated done
Event: 1.400 loading class java/util/ArrayList$SubList$1
Event: 1.400 loading class java/util/ArrayList$SubList$1 done
Event: 1.469 Protecting memory [0x000070000e56a000,0x000070000e56e000] with protection modes 3
Event: 1.469 Thread 0x00007f92a274fa00 Thread exited: 0x00007f92a274fa00


Dynamic libraries:
0x00007fff2a626000 	/usr/lib/libz.1.dylib
0x00000001098c5000 	/Users/mzimac/.sdkman/candidates/java/17.0.0.35.2-amzn/lib/libjli.dylib
0x00007fff3505a000 	/System/Library/Frameworks/Cocoa.framework/Versions/A/Cocoa
0x00007fff223a3000 	/System/Library/Frameworks/Security.framework/Versions/A/Security
0x00007fff33262000 	/System/Library/Frameworks/ApplicationServices.framework/Versions/A/ApplicationServices
0x00007fff2a6ee000 	/usr/lib/libSystem.B.dylib
0x00007fff2a6e8000 	/usr/lib/system/libcache.dylib
0x00007fff2a6a4000 	/usr/lib/system/libcommonCrypto.dylib
0x00007fff2a6ce000 	/usr/lib/system/libcompiler_rt.dylib
0x00007fff2a6c3000 	/usr/lib/system/libcopyfile.dylib
0x00007fff2029c000 	/usr/lib/system/libcorecrypto.dylib
0x00007fff20367000 	/usr/lib/system/libdispatch.dylib
0x00007fff2051a000 	/usr/lib/system/libdyld.dylib
0x00007fff2a6df000 	/usr/lib/system/libkeymgr.dylib
0x00007fff2daf2000 	/usr/lib/system/liblaunch.dylib
0x00007fff2a682000 	/usr/lib/system/libmacho.dylib
0x00007fff29e7a000 	/usr/lib/system/libquarantine.dylib
0x00007fff2a6dc000 	/usr/lib/system/libremovefile.dylib
0x00007fff24d7f000 	/usr/lib/system/libsystem_asl.dylib
0x00007fff2024c000 	/usr/lib/system/libsystem_blocks.dylib
0x00007fff203e9000 	/usr/lib/system/libsystem_c.dylib
0x00007fff2a6d6000 	/usr/lib/system/libsystem_collections.dylib
0x00007fff29180000 	/usr/lib/system/libsystem_configuration.dylib
0x00007fff2846c000 	/usr/lib/system/libsystem_containermanager.dylib
0x00007fff2a425000 	/usr/lib/system/libsystem_coreservices.dylib
0x00007fff2295b000 	/usr/lib/system/libsystem_darwin.dylib
0x00007fff2a6e0000 	/usr/lib/system/libsystem_dnssd.dylib
0x00007fff203e6000 	/usr/lib/system/libsystem_featureflags.dylib
0x00007fff20560000 	/usr/lib/system/libsystem_info.dylib
0x00007fff2a639000 	/usr/lib/system/libsystem_m.dylib
0x00007fff2033a000 	/usr/lib/system/libsystem_malloc.dylib
0x00007fff24d12000 	/usr/lib/system/libsystem_networkextension.dylib
0x00007fff22d7a000 	/usr/lib/system/libsystem_notify.dylib
0x00007fff2ff89000 	/usr/lib/system/libsystem_product_info_filter.dylib
0x00007fff29184000 	/usr/lib/system/libsystem_sandbox.dylib
0x00007fff2a6d9000 	/usr/lib/system/libsystem_secinit.dylib
0x00007fff204de000 	/usr/lib/system/libsystem_kernel.dylib
0x00007fff20556000 	/usr/lib/system/libsystem_platform.dylib
0x00007fff2050e000 	/usr/lib/system/libsystem_pthread.dylib
0x00007fff2645d000 	/usr/lib/system/libsystem_symptoms.dylib
0x00007fff20284000 	/usr/lib/system/libsystem_trace.dylib
0x00007fff2a6b0000 	/usr/lib/system/libunwind.dylib
0x00007fff2024e000 	/usr/lib/system/libxpc.dylib
0x00007fff204c8000 	/usr/lib/libc++abi.dylib
0x00007fff203ac000 	/usr/lib/libobjc.A.dylib
0x00007fff2a6bb000 	/usr/lib/liboah.dylib
0x00007fff20472000 	/usr/lib/libc++.1.dylib
0x00007fff2058c000 	/System/Library/Frameworks/CoreFoundation.framework/Versions/A/CoreFoundation
0x00007fff2133b000 	/System/Library/Frameworks/Foundation.framework/Versions/C/Foundation
0x00007fff22dd4000 	/System/Library/Frameworks/AppKit.framework/Versions/C/AppKit
0x00007fff25c99000 	/System/Library/Frameworks/CoreData.framework/Versions/A/CoreData
0x00007fff23b20000 	/System/Library/PrivateFrameworks/UIFoundation.framework/Versions/A/UIFoundation
0x00007fff2fd1c000 	/System/Library/PrivateFrameworks/RemoteViewServices.framework/Versions/A/RemoteViewServices
0x00007fff28b32000 	/System/Library/PrivateFrameworks/XCTTargetBootstrap.framework/Versions/A/XCTTargetBootstrap
0x00007fff2b818000 	/usr/lib/libspindump.dylib
0x00007fff23d6f000 	/System/Library/Frameworks/UniformTypeIdentifiers.framework/Versions/A/UniformTypeIdentifiers
0x00007fff27336000 	/usr/lib/libapp_launch_measurement.dylib
0x00007fff27339000 	/System/Library/PrivateFrameworks/CoreAutoLayout.framework/Versions/A/CoreAutoLayout
0x00007fff28499000 	/System/Library/Frameworks/Metal.framework/Versions/A/Metal
0x00007fff2918f000 	/usr/lib/liblangid.dylib
0x00007fff28b36000 	/System/Library/PrivateFrameworks/CoreSVG.framework/Versions/A/CoreSVG
0x00007fff24daf000 	/System/Library/PrivateFrameworks/SkyLight.framework/Versions/A/SkyLight
0x00007fff25115000 	/System/Library/Frameworks/CoreGraphics.framework/Versions/A/CoreGraphics
0x00007fff30243000 	/System/Library/Frameworks/Accelerate.framework/Versions/A/Accelerate
0x00007fff2b256000 	/System/Library/PrivateFrameworks/IconServices.framework/Versions/A/IconServices
0x00007fff2847d000 	/System/Library/Frameworks/IOSurface.framework/Versions/A/IOSurface
0x00007fff26621000 	/usr/lib/libDiagnosticMessagesClient.dylib
0x00007fff28b1e000 	/System/Library/PrivateFrameworks/DFRFoundation.framework/Versions/A/DFRFoundation
0x00007fff226fb000 	/usr/lib/libicucore.A.dylib
0x00007fff2cd5b000 	/System/Library/Frameworks/AudioToolbox.framework/Versions/A/AudioToolbox
0x00007fff2bfe3000 	/System/Library/PrivateFrameworks/DataDetectorsCore.framework/Versions/A/DataDetectorsCore
0x00007fff24d22000 	/usr/lib/libMobileGestalt.dylib
0x00007fff28822000 	/System/Library/Frameworks/Carbon.framework/Versions/A/Frameworks/HIToolbox.framework/Versions/A/HIToolbox
0x00007fff26d7b000 	/System/Library/Frameworks/QuartzCore.framework/Versions/A/QuartzCore
0x00007fff2fd54000 	/System/Library/Frameworks/Carbon.framework/Versions/A/Frameworks/SpeechRecognition.framework/Versions/A/SpeechRecognition
0x00007fff2709b000 	/System/Library/PrivateFrameworks/CoreUI.framework/Versions/A/CoreUI
0x00007fff21d11000 	/System/Library/Frameworks/CoreAudio.framework/Versions/A/CoreAudio
0x00007fff2670c000 	/System/Library/Frameworks/DiskArbitration.framework/Versions/A/DiskArbitration
0x00007fff2bbe6000 	/System/Library/PrivateFrameworks/MultitouchSupport.framework/Versions/A/MultitouchSupport
0x00007fff2bfda000 	/System/Library/PrivateFrameworks/InternationalSupport.framework/Versions/A/InternationalSupport
0x00007fff24d21000 	/usr/lib/libenergytrace.dylib
0x00007fff22ccb000 	/System/Library/Frameworks/IOKit.framework/Versions/A/IOKit
0x00007fff30087000 	/System/Library/Frameworks/CoreServices.framework/Versions/A/CoreServices
0x00007fff272c8000 	/System/Library/PrivateFrameworks/PerformanceAnalysis.framework/Versions/A/PerformanceAnalysis
0x00007fff6ba02000 	/System/Library/Frameworks/OpenGL.framework/Versions/A/OpenGL
0x00007fff2c05e000 	/System/Library/PrivateFrameworks/UserActivity.framework/Versions/A/UserActivity
0x00007fff2579f000 	/System/Library/Frameworks/ColorSync.framework/Versions/A/ColorSync
0x00007fff28d9d000 	/System/Library/Frameworks/CoreImage.framework/Versions/A/CoreImage
0x00007fff21b2b000 	/System/Library/Frameworks/CoreText.framework/Versions/A/CoreText
0x00007fff28b60000 	/System/Library/Frameworks/ImageIO.framework/Versions/A/ImageIO
0x00007fff2a6f4000 	/System/Library/PrivateFrameworks/SoftLinking.framework/Versions/A/SoftLinking
0x00007fff27381000 	/usr/lib/libxml2.2.dylib
0x00007fff2a965000 	/usr/lib/libcompression.dylib
0x00007fff2bf0c000 	/System/Library/PrivateFrameworks/TextureIO.framework/Versions/A/TextureIO
0x00007fff2af94000 	/usr/lib/libate.dylib
0x00007fff2ad79000 	/usr/lib/liblzma.5.dylib
0x00007fff2104f000 	/System/Library/Frameworks/SystemConfiguration.framework/Versions/A/SystemConfiguration
0x00007fff2a6f0000 	/usr/lib/libfakelink.dylib
0x00007fff24873000 	/System/Library/Frameworks/CFNetwork.framework/Versions/A/CFNetwork
0x00007fff2a830000 	/usr/lib/libarchive.2.dylib
0x00007fff210cd000 	/usr/lib/libCRFSuite.dylib
0x00007fff29ea1000 	/usr/lib/libbsm.0.dylib
0x00007fff241ec000 	/usr/lib/libnetwork.dylib
0x00007fff2a6f5000 	/usr/lib/libpcap.A.dylib
0x00007fff26456000 	/usr/lib/libdns_services.dylib
0x00007fff2ad92000 	/usr/lib/libcoretls_cfhelpers.dylib
0x00007fff2a92f000 	/usr/lib/libapple_nghttp2.dylib
0x00007fff2a688000 	/usr/lib/system/libkxld.dylib
0x00007fff260cf000 	/usr/lib/libsqlite3.dylib
0x00007fff2a408000 	/System/Library/PrivateFrameworks/AppleFSCompression.framework/Versions/A/AppleFSCompression
0x00007fff29e89000 	/usr/lib/libcoretls.dylib
0x00007fff2a960000 	/usr/lib/libpam.2.dylib
0x00007fff2ae90000 	/usr/lib/libxar.1.dylib
0x00007fff2918b000 	/System/Library/PrivateFrameworks/AppleSystemInfo.framework/Versions/A/AppleSystemInfo
0x00007fff29acb000 	/System/Library/PrivateFrameworks/IOMobileFramebuffer.framework/Versions/A/IOMobileFramebuffer
0x00007fff2a418000 	/usr/lib/libbz2.1.0.dylib
0x00007fff2a72d000 	/usr/lib/libiconv.2.dylib
0x00007fff2a681000 	/usr/lib/libcharset.1.dylib
0x00007fff27304000 	/System/Library/Frameworks/CoreServices.framework/Versions/A/Frameworks/FSEvents.framework/Versions/A/FSEvents
0x00007fff22965000 	/System/Library/Frameworks/CoreServices.framework/Versions/A/Frameworks/CarbonCore.framework/Versions/A/CarbonCore
0x00007fff26671000 	/System/Library/Frameworks/CoreServices.framework/Versions/A/Frameworks/Metadata.framework/Versions/A/Metadata
0x00007fff2a42a000 	/System/Library/Frameworks/CoreServices.framework/Versions/A/Frameworks/OSServices.framework/Versions/A/OSServices
0x00007fff2a8a2000 	/System/Library/Frameworks/CoreServices.framework/Versions/A/Frameworks/SearchKit.framework/Versions/A/SearchKit
0x00007fff263e1000 	/System/Library/Frameworks/CoreServices.framework/Versions/A/Frameworks/AE.framework/Versions/A/AE
0x00007fff20a2a000 	/System/Library/Frameworks/CoreServices.framework/Versions/A/Frameworks/LaunchServices.framework/Versions/A/LaunchServices
0x00007fff2ad29000 	/System/Library/Frameworks/CoreServices.framework/Versions/A/Frameworks/DictionaryServices.framework/Versions/A/DictionaryServices
0x00007fff27311000 	/System/Library/Frameworks/CoreServices.framework/Versions/A/Frameworks/SharedFileList.framework/Versions/A/SharedFileList
0x00007fff29e7d000 	/usr/lib/libCheckFix.dylib
0x00007fff24d96000 	/System/Library/PrivateFrameworks/TCC.framework/Versions/A/TCC
0x00007fff29191000 	/System/Library/PrivateFrameworks/CoreNLP.framework/Versions/A/CoreNLP
0x00007fff26624000 	/System/Library/PrivateFrameworks/MetadataUtilities.framework/Versions/A/MetadataUtilities
0x00007fff21102000 	/usr/lib/libmecabra.dylib
0x00007fff2a187000 	/System/Library/Frameworks/MLCompute.framework/Versions/A/MLCompute
0x00007fff29eb2000 	/usr/lib/libmecab.dylib
0x00007fff29efc000 	/usr/lib/libgermantok.dylib
0x00007fff2a90a000 	/usr/lib/libThaiTokenizer.dylib
0x00007fff2aecb000 	/usr/lib/libChineseTokenizer.dylib
0x00007fff2a95e000 	/System/Library/Frameworks/MetalPerformanceShaders.framework/Versions/A/MetalPerformanceShaders
0x00007fff26713000 	/System/Library/Frameworks/Accelerate.framework/Versions/A/Frameworks/vImage.framework/Versions/A/vImage
0x00007fff30061000 	/System/Library/Frameworks/Accelerate.framework/Versions/A/Frameworks/vecLib.framework/Versions/A/vecLib
0x00007fff2aed6000 	/System/Library/Frameworks/Accelerate.framework/Versions/A/Frameworks/vecLib.framework/Versions/A/libvMisc.dylib
0x00007fff298e6000 	/System/Library/Frameworks/Accelerate.framework/Versions/A/Frameworks/vecLib.framework/Versions/A/libvDSP.dylib
0x00007fff20d35000 	/System/Library/Frameworks/Accelerate.framework/Versions/A/Frameworks/vecLib.framework/Versions/A/libBLAS.dylib
0x00007fff2a98b000 	/System/Library/Frameworks/Accelerate.framework/Versions/A/Frameworks/vecLib.framework/Versions/A/libLAPACK.dylib
0x00007fff29f02000 	/System/Library/Frameworks/Accelerate.framework/Versions/A/Frameworks/vecLib.framework/Versions/A/libLinearAlgebra.dylib
0x00007fff2a947000 	/System/Library/Frameworks/Accelerate.framework/Versions/A/Frameworks/vecLib.framework/Versions/A/libSparseBLAS.dylib
0x00007fff2a985000 	/System/Library/Frameworks/Accelerate.framework/Versions/A/Frameworks/vecLib.framework/Versions/A/libQuadrature.dylib
0x00007fff2923d000 	/System/Library/Frameworks/Accelerate.framework/Versions/A/Frameworks/vecLib.framework/Versions/A/libBNNS.dylib
0x00007fff20fe0000 	/System/Library/Frameworks/Accelerate.framework/Versions/A/Frameworks/vecLib.framework/Versions/A/libSparse.dylib
0x00007fff29119000 	/System/Library/Frameworks/MetalPerformanceShaders.framework/Versions/A/Frameworks/MPSCore.framework/Versions/A/MPSCore
0x00007fff2a377000 	/System/Library/Frameworks/MetalPerformanceShaders.framework/Versions/A/Frameworks/MPSImage.framework/Versions/A/MPSImage
0x00007fff29f18000 	/System/Library/Frameworks/MetalPerformanceShaders.framework/Versions/A/Frameworks/MPSNeuralNetwork.framework/Versions/A/MPSNeuralNetwork
0x00007fff2a2e9000 	/System/Library/Frameworks/MetalPerformanceShaders.framework/Versions/A/Frameworks/MPSMatrix.framework/Versions/A/MPSMatrix
0x00007fff2a137000 	/System/Library/Frameworks/MetalPerformanceShaders.framework/Versions/A/Frameworks/MPSRayIntersector.framework/Versions/A/MPSRayIntersector
0x00007fff2a320000 	/System/Library/Frameworks/MetalPerformanceShaders.framework/Versions/A/Frameworks/MPSNDArray.framework/Versions/A/MPSNDArray
0x00007fff20c60000 	/System/Library/PrivateFrameworks/MetalTools.framework/Versions/A/MetalTools
0x00007fff29189000 	/System/Library/PrivateFrameworks/AggregateDictionary.framework/Versions/A/AggregateDictionary
0x00007fff265f1000 	/System/Library/PrivateFrameworks/CoreAnalytics.framework/Versions/A/CoreAnalytics
0x00007fff2a90c000 	/System/Library/PrivateFrameworks/AppleSauce.framework/Versions/A/AppleSauce
0x00007fff2848f000 	/System/Library/PrivateFrameworks/IOAccelerator.framework/Versions/A/IOAccelerator
0x00007fff6b9f6000 	/System/Library/Frameworks/OpenGL.framework/Versions/A/Libraries/libCoreFSCache.dylib
0x00007fff2169a000 	/System/Library/PrivateFrameworks/LanguageModeling.framework/Versions/A/LanguageModeling
0x00007fff29ab9000 	/System/Library/PrivateFrameworks/CoreEmoji.framework/Versions/A/CoreEmoji
0x00007fff29236000 	/System/Library/PrivateFrameworks/LinguisticData.framework/Versions/A/LinguisticData
0x00007fff20f92000 	/System/Library/PrivateFrameworks/Lexicon.framework/Versions/A/Lexicon
0x00007fff2a81e000 	/usr/lib/libcmph.dylib
0x00007fff272e4000 	/System/Library/Frameworks/OpenDirectory.framework/Versions/A/Frameworks/CFOpenDirectory.framework/Versions/A/CFOpenDirectory
0x00007fff272d4000 	/System/Library/Frameworks/OpenDirectory.framework/Versions/A/OpenDirectory
0x00007fff2ad94000 	/System/Library/PrivateFrameworks/APFS.framework/Versions/A/APFS
0x00007fff29ddf000 	/System/Library/Frameworks/SecurityFoundation.framework/Versions/A/SecurityFoundation
0x00007fff2ae9e000 	/usr/lib/libutil.dylib
0x00007fff22c90000 	/System/Library/PrivateFrameworks/CoreServicesStore.framework/Versions/A/CoreServicesStore
0x00007fff29e75000 	/System/Library/Frameworks/ServiceManagement.framework/Versions/A/ServiceManagement
0x00007fff2aea2000 	/usr/lib/libxslt.1.dylib
0x00007fff29e6b000 	/System/Library/PrivateFrameworks/BackgroundTaskManagement.framework/Versions/A/BackgroundTaskManagement
0x00007fff2be56000 	/System/Library/Frameworks/ImageIO.framework/Versions/A/Resources/libRadiance.dylib
0x00007fff2be60000 	/System/Library/Frameworks/ImageIO.framework/Versions/A/Resources/libJPEG.dylib
0x00007fff2bdb0000 	/System/Library/Frameworks/ImageIO.framework/Versions/A/Resources/libPng.dylib
0x00007fff2bdd1000 	/System/Library/Frameworks/ImageIO.framework/Versions/A/Resources/libTIFF.dylib
0x00007fff2beb5000 	/System/Library/Frameworks/ImageIO.framework/Versions/A/Resources/libGIF.dylib
0x00007fff2bb02000 	/System/Library/Frameworks/ImageIO.framework/Versions/A/Resources/libJP2.dylib
0x00007fff2b21d000 	/usr/lib/libexpat.1.dylib
0x00007fff2bab8000 	/System/Library/PrivateFrameworks/AppleJPEG.framework/Versions/A/AppleJPEG
0x00007fff286c5000 	/System/Library/PrivateFrameworks/FontServices.framework/libFontParser.dylib
0x00007fff26398000 	/System/Library/PrivateFrameworks/RunningBoardServices.framework/Versions/A/RunningBoardServices
0x00007fff2bbe2000 	/System/Library/PrivateFrameworks/WatchdogClient.framework/Versions/A/WatchdogClient
0x00007fff21783000 	/System/Library/Frameworks/CoreDisplay.framework/Versions/A/CoreDisplay
0x00007fff285da000 	/System/Library/Frameworks/CoreMedia.framework/Versions/A/CoreMedia
0x00007fff27464000 	/System/Library/Frameworks/CoreVideo.framework/Versions/A/CoreVideo
0x00007fff2bc1d000 	/System/Library/Frameworks/VideoToolbox.framework/Versions/A/VideoToolbox
0x00007fff26318000 	/System/Library/PrivateFrameworks/BaseBoard.framework/Versions/A/BaseBoard
0x00007fff2b362000 	/System/Library/PrivateFrameworks/PersistentConnection.framework/Versions/A/PersistentConnection
0x00007fff260b9000 	/System/Library/PrivateFrameworks/ProtocolBuffer.framework/Versions/A/ProtocolBuffer
0x00007fff26300000 	/System/Library/PrivateFrameworks/CommonUtilities.framework/Versions/A/CommonUtilities
0x00007fff2ba7b000 	/System/Library/PrivateFrameworks/Bom.framework/Versions/A/Bom
0x00007fff2be4e000 	/System/Library/PrivateFrameworks/GPUWrangler.framework/Versions/A/GPUWrangler
0x00007fff2be31000 	/System/Library/PrivateFrameworks/IOPresentment.framework/Versions/A/IOPresentment
0x00007fff2be5a000 	/System/Library/PrivateFrameworks/DSExternalDisplay.framework/Versions/A/DSExternalDisplay
0x00007fff2beba000 	/System/Library/PrivateFrameworks/CMCaptureCore.framework/Versions/A/CMCaptureCore
0x00007fff2b7fe000 	/System/Library/PrivateFrameworks/AppServerSupport.framework/Versions/A/AppServerSupport
0x00007fff2d895000 	/System/Library/PrivateFrameworks/perfdata.framework/Versions/A/perfdata
0x00007fff29dce000 	/System/Library/PrivateFrameworks/AssertionServices.framework/Versions/A/AssertionServices
0x00007fff218ba000 	/System/Library/PrivateFrameworks/AudioToolboxCore.framework/Versions/A/AudioToolboxCore
0x00007fff285bd000 	/System/Library/PrivateFrameworks/caulk.framework/Versions/A/caulk
0x00007fff3cd3d000 	/System/Library/PrivateFrameworks/SystemPolicy.framework/Versions/A/SystemPolicy
0x00007fff2b02c000 	/usr/lib/libIOReport.dylib
0x00007fff2d0d1000 	/usr/lib/libSMC.dylib
0x00007fff2bd7c000 	/usr/lib/libAudioToolboxUtility.dylib
0x00007fff3d69a000 	/usr/lib/libmis.dylib
0x00007fff6ba52000 	/System/Library/Frameworks/OpenGL.framework/Versions/A/Libraries/libGLU.dylib
0x00007fff6ba15000 	/System/Library/Frameworks/OpenGL.framework/Versions/A/Libraries/libGFXShared.dylib
0x00007fff6bc23000 	/System/Library/Frameworks/OpenGL.framework/Versions/A/Libraries/libGL.dylib
0x00007fff6ba1e000 	/System/Library/Frameworks/OpenGL.framework/Versions/A/Libraries/libGLImage.dylib
0x00007fff6ba12000 	/System/Library/Frameworks/OpenGL.framework/Versions/A/Libraries/libCVMSPluginSupport.dylib
0x00007fff6b9fd000 	/System/Library/Frameworks/OpenGL.framework/Versions/A/Libraries/libCoreVMClient.dylib
0x00007fff6d06d000 	/System/Library/Frameworks/OpenCL.framework/Versions/A/OpenCL
0x00007fff2b38b000 	/System/Library/PrivateFrameworks/GraphVisualizer.framework/Versions/A/GraphVisualizer
0x00007fff2b39a000 	/System/Library/PrivateFrameworks/FaceCore.framework/Versions/A/FaceCore
0x00007fff2b7b6000 	/System/Library/PrivateFrameworks/OTSVG.framework/Versions/A/OTSVG
0x00007fff27059000 	/System/Library/Frameworks/ApplicationServices.framework/Versions/A/Frameworks/ATS.framework/Versions/A/Resources/libFontRegistry.dylib
0x00007fff2b805000 	/System/Library/PrivateFrameworks/FontServices.framework/libhvf.dylib
0x00007fff2b1c9000 	/System/Library/PrivateFrameworks/AppleVA.framework/Versions/A/AppleVA
0x00007fff2cf19000 	/System/Library/Frameworks/ApplicationServices.framework/Versions/A/Frameworks/ATS.framework/Versions/A/ATS
0x00007fff2d22c000 	/System/Library/Frameworks/ApplicationServices.framework/Versions/A/Frameworks/ColorSyncLegacy.framework/Versions/A/ColorSyncLegacy
0x00007fff25897000 	/System/Library/Frameworks/ApplicationServices.framework/Versions/A/Frameworks/HIServices.framework/Versions/A/HIServices
0x00007fff2d211000 	/System/Library/Frameworks/ApplicationServices.framework/Versions/A/Frameworks/LangAnalysis.framework/Versions/A/LangAnalysis
0x00007fff2bec4000 	/System/Library/Frameworks/ApplicationServices.framework/Versions/A/Frameworks/PrintCore.framework/Versions/A/PrintCore
0x00007fff2d234000 	/System/Library/Frameworks/ApplicationServices.framework/Versions/A/Frameworks/QD.framework/Versions/A/QD
0x00007fff2cf09000 	/System/Library/Frameworks/ApplicationServices.framework/Versions/A/Frameworks/SpeechSynthesis.framework/Versions/A/SpeechSynthesis
0x00007fff2be85000 	/System/Library/Frameworks/ApplicationServices.framework/Versions/A/Frameworks/ATSUI.framework/Versions/A/ATSUI
0x00007fff2d1b1000 	/usr/lib/libcups.2.dylib
0x00007fff2d221000 	/System/Library/PrivateFrameworks/NetAuth.framework/Versions/A/NetAuth
0x00007fff2d8b0000 	/System/Library/Frameworks/Kerberos.framework/Versions/A/Kerberos
0x00007fff2d8c0000 	/System/Library/Frameworks/GSS.framework/Versions/A/GSS
0x00007fff2cf86000 	/usr/lib/libresolv.9.dylib
0x00007fff2b81b000 	/System/Library/PrivateFrameworks/Heimdal.framework/Versions/A/Heimdal
0x00007fff33577000 	/System/Library/Frameworks/Kerberos.framework/Versions/A/Libraries/libHeimdalProxy.dylib
0x00007fff26465000 	/System/Library/Frameworks/Network.framework/Versions/A/Network
0x00007fff2b237000 	/usr/lib/libheimdal-asn1.dylib
0x00007fff2d911000 	/System/Library/PrivateFrameworks/CommonAuth.framework/Versions/A/CommonAuth
0x00007fff274b2000 	/System/Library/PrivateFrameworks/login.framework/Versions/A/Frameworks/loginsupport.framework/Versions/A/loginsupport
0x00007fff2ce90000 	/System/Library/PrivateFrameworks/AudioSession.framework/Versions/A/AudioSession
0x00007fff2cef6000 	/usr/lib/libAudioStatistics.dylib
0x00007fff2b2c3000 	/System/Library/PrivateFrameworks/MediaExperience.framework/Versions/A/MediaExperience
0x00007fff2cd29000 	/System/Library/PrivateFrameworks/AudioSession.framework/libSessionUtility.dylib
0x00007fff2d8a1000 	/usr/lib/libperfcheck.dylib
0x00007fff2d240000 	/System/Library/PrivateFrameworks/AudioResourceArbitration.framework/Versions/A/AudioResourceArbitration
0x00007fff2b241000 	/System/Library/PrivateFrameworks/IconFoundation.framework/Versions/A/IconFoundation
0x00007fff2fd44000 	/System/Library/PrivateFrameworks/SpeechRecognitionCore.framework/Versions/A/SpeechRecognitionCore
0x000000010e000000 	/Users/mzimac/.sdkman/candidates/java/17.0.0.35.2-amzn/lib/server/libjvm.dylib
0x00000001098f5000 	/Users/mzimac/.sdkman/candidates/java/17.0.0.35.2-amzn/lib/libjimage.dylib
0x000000010994f000 	/Users/mzimac/.sdkman/candidates/java/17.0.0.35.2-amzn/lib/libjava.dylib
0x0000000109e95000 	/Users/mzimac/.sdkman/candidates/java/17.0.0.35.2-amzn/lib/libnio.dylib
0x0000000109eb1000 	/Users/mzimac/.sdkman/candidates/java/17.0.0.35.2-amzn/lib/libnet.dylib
0x0000000109ed1000 	/Users/mzimac/.sdkman/candidates/java/17.0.0.35.2-amzn/lib/libzip.dylib
0x0000000109ee5000 	/Users/mzimac/.sdkman/candidates/java/17.0.0.35.2-amzn/lib/libverify.dylib
0x0000000109efd000 	/Users/mzimac/.sdkman/candidates/java/17.0.0.35.2-amzn/lib/libextnet.dylib
0x0000000109f0d000 	/Users/mzimac/.sdkman/candidates/java/17.0.0.35.2-amzn/lib/libmanagement.dylib
0x0000000109f1d000 	/Users/mzimac/.sdkman/candidates/java/17.0.0.35.2-amzn/lib/libmanagement_ext.dylib


VM Arguments:
jvm_args: -Dorg.gradle.internal.worker.tmpdir=/Users/mzimac/Work/kotlin-spring/web01/build/tmp/test/work -Dorg.gradle.native=false --add-opens=java.base/java.util=ALL-UNNAMED --add-opens=java.base/java.lang=ALL-UNNAMED -Xmx512m -Dfile.encoding=UTF-8 -Duser.country=JP -Duser.language=en -Duser.variant -ea 
java_command: worker.org.gradle.process.internal.worker.GradleWorkerMain 'Gradle Test Executor 5'
java_class_path (initial): /Users/mzimac/.gradle/caches/7.2/workerMain/gradle-worker.jar:/Users/mzimac/Work/kotlin-spring/web01/build/classes/java/test:/Users/mzimac/Work/kotlin-spring/web01/build/classes/kotlin/test:/Users/mzimac/Work/kotlin-spring/web01/build/resources/test:/Users/mzimac/Work/kotlin-spring/web01/build/classes/java/main:/Users/mzimac/Work/kotlin-spring/web01/build/classes/kotlin/main:/Users/mzimac/Work/kotlin-spring/web01/build/resources/main:/Users/mzimac/.gradle/caches/modules-2/files-2.1/org.springframework.boot/spring-boot-starter-data-jpa/2.6.4/f12f4ceb6765c1ab892a6bc72dad5aaad670a87f/spring-boot-starter-data-jpa-2.6.4.jar:/Users/mzimac/.gradle/caches/modules-2/files-2.1/org.springframework.boot/spring-boot-starter-mustache/2.6.4/7e1018c966bb676e8915e6e1064a03235504663b/spring-boot-starter-mustache-2.6.4.jar:/Users/mzimac/.gradle/caches/modules-2/files-2.1/org.springframework.boot/spring-boot-starter-web/2.6.4/4aa74a41a8ff99e256433805b0ee63a6053d6b6c/spring-boot-starter-web-2.6.4.jar:/Users/mzimac/.gradle/caches/modules-2/files-2.1/org.springframework.boot/spring-boot-starter-json/2.6.4/9aa13f5bd6e09510d89ec3874118f027613a9565/spring-boot-starter-json-2.6.4.jar:/Users/mzimac/.gradle/caches/modules-2/files-2.1/com.fasterxml.jackson.datatype/jackson-datatype-jdk8/2.13.1/8ecfa9bcd714269fdf22c33f9fd00d0643bd0e21/jackson-datatype-jdk8-2.13.1.jar:/Users/mzimac/.gradle/caches/modules-2/files-2.1/com.fasterxml.jackson.datatype/jackson-datatype-jsr310/2.13.1/1ece5a87b59701328215e0083448b4d451857cbd/jackson-datatype-jsr310-2.13.1.jar:/Users/mzimac/.gradle/caches/modules-2/files-2.1/com.fasterxml.jackson.module/jackson-module-parameter-names/2.13.1/cbeec2259213c555ef451a2e05f35ed1dbfbf799/jackson-module-parameter-names-2.13.1.jar:/Users/mzimac/.gradle/caches/modules-2/files-2.1/com.fasterxml.jackson.core/jackson-databind/2.13.1/698b2d2b15d9a1b7aae025f1d9f576842285e7f6/jackson-databind-2.13.1.jar:/Users/mzimac/.gradle/caches/modules-2/files-2.1/com.fast
Launcher Type: SUN_STANDARD

[Global flags]
     intx CICompilerCount                          = 4                                         {product} {ergonomic}
     uint ConcGCThreads                            = 2                                         {product} {ergonomic}
     uint G1ConcRefinementThreads                  = 8                                         {product} {ergonomic}
   size_t G1HeapRegionSize                         = 1048576                                   {product} {ergonomic}
    uintx GCDrainStackTargetSize                   = 64                                        {product} {ergonomic}
   size_t InitialHeapSize                          = 402653184                                 {product} {ergonomic}
   size_t MarkStackSize                            = 4194304                                   {product} {ergonomic}
   size_t MaxHeapSize                              = 536870912                                 {product} {command line}
   size_t MaxNewSize                               = 321912832                                 {product} {ergonomic}
   size_t MinHeapDeltaBytes                        = 1048576                                   {product} {ergonomic}
   size_t MinHeapSize                              = 8388608                                   {product} {ergonomic}
    uintx NonNMethodCodeHeapSize                   = 5839372                                {pd product} {ergonomic}
    uintx NonProfiledCodeHeapSize                  = 122909434                              {pd product} {ergonomic}
    uintx ProfiledCodeHeapSize                     = 122909434                              {pd product} {ergonomic}
    uintx ReservedCodeCacheSize                    = 251658240                              {pd product} {ergonomic}
     bool SegmentedCodeCache                       = true                                      {product} {ergonomic}
   size_t SoftMaxHeapSize                          = 536870912                              {manageable} {ergonomic}
     bool UseCompressedClassPointers               = true                           {product lp64_product} {ergonomic}
     bool UseCompressedOops                        = true                           {product lp64_product} {ergonomic}
     bool UseG1GC                                  = true                                      {product} {ergonomic}
     bool UseNUMA                                  = false                                     {product} {ergonomic}
     bool UseNUMAInterleaving                      = false                                     {product} {ergonomic}

Logging:
Log output configuration:
 #0: stdout all=warning uptime,level,tags
 #1: stderr all=off uptime,level,tags

Environment Variables:
JAVA_HOME=/Users/mzimac/.sdkman/candidates/java/current
PATH=/usr/local/opt/ruby/bin:/Users/mzimac/anaconda/bin:/Users/mzimac/.rvm/gems/ruby-2.2.2/bin:/Users/mzimac/.rvm/gems/ruby-2.2.2@global/bin:/Users/mzimac/.rvm/rubies/ruby-2.2.2/bin:/usr/local/bin:/usr/bin:/bin:/usr/sbin:/sbin:/usr/local/go/bin:/opt/X11/bin:/Library/Apple/usr/bin:/Users/mzimac/.vscode-server/bin/c722ca6c7eed3d7987c0d5c3df5c45f6b15e77d1/bin/remote-cli:/Users/mzimac/.sdkman/candidates/java/current/bin:/Users/mzimac/.sdkman/candidates/gradle/current/bin:/usr/local/opt/ruby/bin:/Users/mzimac/Applications/google-cloud-sdk/bin:/Users/mzimac/anaconda/bin:/Users/mzimac/.rvm/gems/ruby-2.2.2/bin:/Users/mzimac/.rvm/gems/ruby-2.2.2@global/bin:/Users/mzimac/.rvm/rubies/ruby-2.2.2/bin:/Users/mzimac/Documents/sandbox/flutter_work/flutter/bin:/Users/mzimac/.rvm/bin:/Users/mzimac/Documents/sandbox/flutter_work/flutter/bin:/Users/mzimac/.rvm/bin
SHELL=/bin/bash
LANG=en_US.UTF-8

Signal Handlers:
   SIGSEGV: _ZL13crash_handleriP9__siginfoPv in libjvm.dylib, mask=11100110000111110111111111111111, flags=SA_RESTART|SA_SIGINFO
    SIGBUS: _ZL13crash_handleriP9__siginfoPv in libjvm.dylib, mask=11100110000111110111111111111111, flags=SA_RESTART|SA_SIGINFO
    SIGFPE: _ZL13crash_handleriP9__siginfoPv in libjvm.dylib, mask=11100110000111110111111111111111, flags=SA_RESTART|SA_SIGINFO
   SIGPIPE: _ZL17javaSignalHandleriP9__siginfoPv in libjvm.dylib, mask=11100110000111110111111111111111, flags=SA_RESTART|SA_SIGINFO
   SIGXFSZ: _ZL17javaSignalHandleriP9__siginfoPv in libjvm.dylib, mask=11100110000111110111111111111111, flags=SA_RESTART|SA_SIGINFO
    SIGILL: _ZL13crash_handleriP9__siginfoPv in libjvm.dylib, mask=11100110000111110111111111111111, flags=SA_RESTART|SA_SIGINFO
   SIGUSR2: _ZL10SR_handleriP9__siginfoP17__darwin_ucontext in libjvm.dylib, mask=00100000000000000000000000000000, flags=SA_RESTART|SA_SIGINFO
    SIGHUP: _ZL11UserHandleriPvS_ in libjvm.dylib, mask=11100110000111110111111111111111, flags=SA_RESTART|SA_SIGINFO
    SIGINT: _ZL11UserHandleriPvS_ in libjvm.dylib, mask=11100110000111110111111111111111, flags=SA_RESTART|SA_SIGINFO
   SIGTERM: _ZL11UserHandleriPvS_ in libjvm.dylib, mask=11100110000111110111111111111111, flags=SA_RESTART|SA_SIGINFO
   SIGQUIT: _ZL11UserHandleriPvS_ in libjvm.dylib, mask=11100110000111110111111111111111, flags=SA_RESTART|SA_SIGINFO
   SIGTRAP: _ZL13crash_handleriP9__siginfoPv in libjvm.dylib, mask=11100110000111110111111111111111, flags=SA_RESTART|SA_SIGINFO


---------------  S Y S T E M  ---------------

OS:
uname: Darwin 20.6.0 Darwin Kernel Version 20.6.0: Wed Jan 12 22:22:42 PST 2022; root:xnu-7195.141.19~2/RELEASE_X86_64 x86_64
OS uptime: 24 days 20:15 hours
rlimit (soft/hard): STACK 8192k/65532k , CORE 0k/infinity , NPROC 4176/6264 , NOFILE 10240/infinity , AS infinity/infinity , CPU infinity/infinity , DATA infinity/infinity , FSIZE infinity/infinity , MEMLOCK infinity/infinity , RSS infinity/infinity
load average: 3.05 2.67 2.51

CPU: total 8 (initial active 8) (4 cores per cpu, 2 threads per core) family 6 model 60 stepping 3 microcode 0x28, cx8, cmov, fxsr, ht, mmx, sse, sse2, sse3, ssse3, sse4.1, sse4.2, popcnt, lzcnt, tsc, tscinvbit, avx, avx2, aes, erms, clmul, bmi1, bmi2, fma, vzeroupper, clflush

Memory: 4k page, physical 25165824k(1082204k free), swap 0k(0k free)

vm_info: OpenJDK 64-Bit Server VM (17+35-LTS) for bsd-amd64 JRE (17+35-LTS), built on Sep 15 2021 03:30:41 by "ec2user" with clang Apple LLVM 12.0.5 (clang-1205.0.22.11)

END.
